WARNING: All log messages before absl::InitializeLog() is called are written to STDERR
I0000 00:00:1779093447.537705  459966 gl_context_egl.cc:85] Successfully initialized EGL. Major : 1 Minor: 5
I0000 00:00:1779093447.585695  460050 gl_context.cc:344] GL version: 3.2 (OpenGL ES 3.2 NVIDIA 580.95.05), renderer: NVIDIA RTX 4500 Ada Generation/PCIe/SSE2
==============================================================================
Cascade OOD 평가 (Stage1=v15+v16+v17, Stage2=v20+v27)
==============================================================================
/home/t26106/.venv/lib64/python3.9/site-packages/timm/models/_factory.py:138: UserWarning: Mapping deprecated model name xception to current legacy_xception.
  model = create_fn(
INFO: Created TensorFlow Lite XNNPACK delegate for CPU.
  [Stage1] v15 OK (w=0.5)
  [Stage1] v16 OK (w=1.0)
  [Stage1] v17 OK (w=1.0)
  [Stage2] v20 OK (w=0.05)
  [Stage2] v27 OK (w=0.95)

[40개 비디오 수집...]
  0 화면 기록 2026-05-14 오후 10  s1=0.2958  s2=0.0390
  0 화면 기록 2026-05-14 오후 10  s1=0.3745  s2=0.0272
  0 화면 기록 2026-05-14 오후 10  s1=0.2363  s2=0.0357
  0 화면 기록 2026-05-14 오후 10  s1=0.1631  s2=0.0284
  0 화면 기록 2026-05-14 오후 10  s1=0.2701  s2=0.0411
  0 화면 기록 2026-05-14 오후 10  s1=0.1446  s2=0.0373
  0 화면 기록 2026-05-14 오후 10  s1=0.1235  s2=0.0317
  0 화면 기록 2026-05-14 오후 10  s1=0.6658  s2=0.0322
  0 화면 기록 2026-05-14 오후 10  s1=0.1894  s2=0.0475
  0 화면 기록 2026-05-14 오후 10  s1=0.1429  s2=0.0374
  0 화면 기록 2026-05-14 오후 10  s1=0.6776  s2=0.0311
  0 화면 기록 2026-05-14 오후 10  s1=0.2707  s2=0.0393
  1 화면 기록 2026-05-14 오후 10  s1=0.0681  s2=0.2245
  1 화면 기록 2026-05-14 오후 10  s1=0.1534  s2=0.0354
  1 화면 기록 2026-05-14 오후 10  s1=0.1584  s2=0.0469
  1 화면 기록 2026-05-14 오후 10  s1=0.1366  s2=0.0421
  1 화면 기록 2026-05-14 오후 10  s1=0.0932  s2=0.1168
  1 화면 기록 2026-05-14 오후 10  s1=0.1502  s2=0.0465
  1 화면 기록 2026-05-14 오후 10  s1=0.0875  s2=0.0823
  1 화면 기록 2026-05-14 오후 10  s1=0.1943  s2=0.0482
  1 화면 기록 2026-05-14 오후 10  s1=0.1269  s2=0.0583
  1 화면 기록 2026-05-14 오후 11  s1=0.0994  s2=0.0571
  1 화면 기록 2026-05-14 오후 11  s1=0.0770  s2=0.0371
  1 화면 기록 2026-05-14 오후 11  s1=0.8100  s2=0.0559
  1 화면 기록 2026-05-14 오후 11  s1=0.0898  s2=0.0357
  1 화면 기록 2026-05-14 오후 11  s1=0.0901  s2=0.0469
  1 화면 기록 2026-05-14 오후 11  s1=0.5159  s2=0.0747
  1 화면 기록 2026-05-14 오후 11  s1=0.6028  s2=0.3190
  0 화면 기록 2026-05-12 오후 10  s1=0.2773  s2=0.0195
  0 화면 기록 2026-05-12 오후 10  s1=0.3068  s2=0.0339
  0 화면 기록 2026-05-12 오후 10  s1=0.3874  s2=0.0212
  0 화면 기록 2026-05-12 오후 10  s1=0.2770  s2=0.0327
  0 화면 기록 2026-05-12 오후 10  s1=0.4319  s2=0.0397
  0 화면 기록 2026-05-12 오후 10  s1=0.3587  s2=0.0259
  0 화면 기록 2026-05-12 오후 9.  s1=0.5911  s2=0.0216
  1 mov.mov                         s1=0.2141  s2=0.0699
  1 화면 기록 2026-05-12 오후 10  s1=0.0948  s2=0.0619
  1 화면 기록 2026-05-12 오후 10  s1=0.2628  s2=0.0474
  1 화면 기록 2026-05-12 오후 10  s1=0.0471  s2=0.0637
  1 화면 기록 2026-05-12 오후 10  s1=0.5856  s2=0.0423

  n=40 (real=19, fake=21)

[단독 stage AUC]
  Stage1 (v15+v16+v17, 1.3x): AUC=0.2381
  Stage2 (v20+v27,      1.0x): AUC=0.9298  ← v5 baseline

[융합 AUC (threshold-free)]
  max(s1, s2):       AUC=0.2506
  0.5*s1 + 0.5*s2:   AUC=0.2982

[가중치 w_s1 그리드 (s1+w + s2*(1-w))]
  w_s1=0.0  AUC=0.9298
  w_s1=0.1  AUC=0.6441
  w_s1=0.2  AUC=0.4637
  w_s1=0.3  AUC=0.3885
  w_s1=0.4  AUC=0.3409
  w_s1=0.5  AUC=0.2982
  w_s1=0.6  AUC=0.2707
  w_s1=0.7  AUC=0.2581
  w_s1=0.8  AUC=0.2406
  w_s1=0.9  AUC=0.2381
  w_s1=1.0  AUC=0.2381

[Cascade decision grid: s1_thr × s2_thr → Acc, F1]
   s1_thr  s2_thr     Acc     TPR     FPR        category_hits
     0.20    0.04   0.550   0.857   0.789  c=20 m=13 r=7 ★
     0.20    0.10   0.325   0.381   0.737  c=20 m=2 r=18
     0.20    0.20   0.300   0.333   0.737  c=20 m=1 r=19
     0.20    0.30   0.275   0.286   0.737  c=20 m=0 r=20
     0.20    0.40   0.275   0.286   0.737  c=20 m=0 r=20
     0.20    0.50   0.275   0.286   0.737  c=20 m=0 r=20
     0.30    0.04   0.675   0.857   0.526  c=12 m=16 r=12 ★
     0.30    0.10   0.425   0.286   0.421  c=12 m=2 r=26
     0.30    0.20   0.400   0.238   0.421  c=12 m=1 r=27
     0.30    0.30   0.375   0.190   0.421  c=12 m=0 r=28
     0.30    0.40   0.375   0.190   0.421  c=12 m=0 r=28
     0.30    0.50   0.375   0.190   0.421  c=12 m=0 r=28
     0.40    0.04   0.775   0.857   0.316  c=8 m=16 r=16 ★
     0.40    0.10   0.525   0.286   0.211  c=8 m=2 r=30
     0.40    0.20   0.500   0.238   0.211  c=8 m=1 r=31
     0.40    0.30   0.475   0.190   0.211  c=8 m=0 r=32
     0.40    0.40   0.475   0.190   0.211  c=8 m=0 r=32
     0.40    0.50   0.475   0.190   0.211  c=8 m=0 r=32
     0.50    0.04   0.800   0.857   0.263  c=7 m=16 r=17 ★
     0.50    0.10   0.550   0.286   0.158  c=7 m=2 r=31
     0.50    0.20   0.525   0.238   0.158  c=7 m=1 r=32
     0.50    0.30   0.500   0.190   0.158  c=7 m=0 r=33
     0.50    0.40   0.500   0.190   0.158  c=7 m=0 r=33
     0.50    0.50   0.500   0.190   0.158  c=7 m=0 r=33
     0.60    0.04   0.825   0.857   0.211  c=4 m=18 r=18 ★
     0.60    0.10   0.525   0.190   0.105  c=4 m=2 r=34
     0.60    0.20   0.500   0.143   0.105  c=4 m=1 r=35
     0.60    0.30   0.475   0.095   0.105  c=4 m=0 r=36
     0.60    0.40   0.475   0.095   0.105  c=4 m=0 r=36
     0.60    0.50   0.475   0.095   0.105  c=4 m=0 r=36
     0.70    0.04   0.875   0.857   0.105  c=1 m=19 r=20 ★
     0.70    0.10   0.575   0.190   0.000  c=1 m=3 r=36
     0.70    0.20   0.550   0.143   0.000  c=1 m=2 r=37
     0.70    0.30   0.525   0.095   0.000  c=1 m=1 r=38
     0.70    0.40   0.500   0.048   0.000  c=1 m=0 r=39
     0.70    0.50   0.500   0.048   0.000  c=1 m=0 r=39

[BEST cascade Acc] s1_thr=0.70 s2_thr=0.04  Acc=0.875  hits: classic=1 modern=19 real=20

[참고: v5 baseline (Stage2 단독, thr=0.0421)]  Acc=0.875  AUC=0.9298

저장: /home/t26106/deepfake/eval_cascade_v3/cascade_ood_results.json
