[v15] Xception RGB + SNS-aug | device=cuda:1
  torch=2.8.0+cu128 | cudnn=91002 | enabled=True
/home/t26106/deepfake/dataset.py:52: DtypeWarning: Columns (6) have mixed types. Specify dtype option on import or set low_memory=False.
  self.df = pd.read_csv(csv_path)
  train: 149,222 | val: 15,439
/home/t26106/deepfake/train_v7.py:58: DtypeWarning: Columns (6) have mixed types. Specify dtype option on import or set low_memory=False.
  df = pd.read_csv(csv_path)
  [4-way Sampler] 그룹별 샘플 수:
    dfdc_0: 6,386
    dfdc_1: 48,258
    ff_0: 13,496
    ff_1: 81,082
/home/t26106/.venv/lib64/python3.9/site-packages/timm/models/_factory.py:138: UserWarning: Mapping deprecated model name xception to current legacy_xception.
  model = create_fn(
[Epoch 1/30] lr=5.00e-05 | TrainLoss: 0.0345 | ValAUC: 0.9498
  ⭐ best 갱신! (-1.0000 → 0.9498)
[Epoch 2/30] lr=1.00e-04 | TrainLoss: 0.0210 | ValAUC: 0.9557
  ⭐ best 갱신! (0.9498 → 0.9557)
[Epoch 3/30] lr=1.00e-04 | TrainLoss: 0.0158 | ValAUC: 0.9684
  ⭐ best 갱신! (0.9557 → 0.9684)
[Epoch 4/30] lr=9.97e-05 | TrainLoss: 0.0132 | ValAUC: 0.9685
  ⭐ best 갱신! (0.9684 → 0.9685)
[Epoch 5/30] lr=9.88e-05 | TrainLoss: 0.0114 | ValAUC: 0.9723
  ⭐ best 갱신! (0.9685 → 0.9723)
[Epoch 6/30] lr=9.72e-05 | TrainLoss: 0.0100 | ValAUC: 0.9722
[Epoch 7/30] lr=9.51e-05 | TrainLoss: 0.0089 | ValAUC: 0.9692
[Epoch 8/30] lr=9.24e-05 | TrainLoss: 0.0078 | ValAUC: 0.9728
  ⭐ best 갱신! (0.9723 → 0.9728)
[Epoch 9/30] lr=8.92e-05 | TrainLoss: 0.0071 | ValAUC: 0.9721
[v15] Xception RGB + SNS-aug | device=cuda:1
  torch=2.8.0+cu128 | cudnn=91002 | enabled=True
/home/t26106/deepfake/dataset.py:52: DtypeWarning: Columns (6) have mixed types. Specify dtype option on import or set low_memory=False.
  self.df = pd.read_csv(csv_path)
  train: 149,222 | val: 15,439
/home/t26106/deepfake/train_v7.py:58: DtypeWarning: Columns (6) have mixed types. Specify dtype option on import or set low_memory=False.
  df = pd.read_csv(csv_path)
  [4-way Sampler] 그룹별 샘플 수:
    dfdc_0: 6,386
    dfdc_1: 48,258
    ff_0: 13,496
    ff_1: 81,082
/home/t26106/.venv/lib64/python3.9/site-packages/timm/models/_factory.py:138: UserWarning: Mapping deprecated model name xception to current legacy_xception.
  model = create_fn(
Traceback (most recent call last):
  File "/home/t26106/deepfake/train_v15_resume.py", line 184, in <module>
    train()
  File "/home/t26106/deepfake/train_v15_resume.py", line 142, in train
    model = timm.create_model("xception", pretrained=True, num_classes=1).to(device)
  File "/home/t26106/.venv/lib64/python3.9/site-packages/torch/nn/modules/module.py", line 1369, in to
    return self._apply(convert)
  File "/home/t26106/.venv/lib64/python3.9/site-packages/torch/nn/modules/module.py", line 928, in _apply
    module._apply(fn)
  File "/home/t26106/.venv/lib64/python3.9/site-packages/torch/nn/modules/module.py", line 955, in _apply
    param_applied = fn(param)
  File "/home/t26106/.venv/lib64/python3.9/site-packages/torch/nn/modules/module.py", line 1355, in convert
    return t.to(
torch.AcceleratorError: CUDA error: invalid device ordinal
CUDA kernel errors might be asynchronously reported at some other API call, so the stacktrace below might be incorrect.
For debugging consider passing CUDA_LAUNCH_BLOCKING=1
Compile with `TORCH_USE_CUDA_DSA` to enable device-side assertions.

[v15] Xception RGB + SNS-aug | device=cuda
  torch=2.8.0+cu128 | cudnn=91002 | enabled=True
/home/t26106/deepfake/dataset.py:52: DtypeWarning: Columns (6) have mixed types. Specify dtype option on import or set low_memory=False.
  self.df = pd.read_csv(csv_path)
  train: 149,222 | val: 15,439
/home/t26106/deepfake/train_v7.py:58: DtypeWarning: Columns (6) have mixed types. Specify dtype option on import or set low_memory=False.
  df = pd.read_csv(csv_path)
  [4-way Sampler] 그룹별 샘플 수:
    dfdc_0: 6,386
    dfdc_1: 48,258
    ff_0: 13,496
    ff_1: 81,082
/home/t26106/.venv/lib64/python3.9/site-packages/timm/models/_factory.py:138: UserWarning: Mapping deprecated model name xception to current legacy_xception.
  model = create_fn(
🔄 Resuming from saved_models/xception_best_v15_sns_aug.pth
  Resume epoch: 8, best_auc: 0.9728
[Epoch 9/30] lr=8.92e-05 | TrainLoss: 0.0068 | ValAUC: 0.9754
  ⭐ best 갱신! (0.9728 → 0.9754)
[Epoch 10/30] lr=8.55e-05 | TrainLoss: 0.0059 | ValAUC: 0.9733
[Epoch 11/30] lr=8.14e-05 | TrainLoss: 0.0051 | ValAUC: 0.9719
[Epoch 12/30] lr=7.68e-05 | TrainLoss: 0.0046 | ValAUC: 0.9750
[Epoch 13/30] lr=7.20e-05 | TrainLoss: 0.0040 | ValAUC: 0.9758
  ⭐ best 갱신! (0.9754 → 0.9758)
[Epoch 14/30] lr=6.68e-05 | TrainLoss: 0.0033 | ValAUC: 0.9737
[Epoch 15/30] lr=6.15e-05 | TrainLoss: 0.0030 | ValAUC: 0.9758
[Epoch 16/30] lr=5.60e-05 | TrainLoss: 0.0026 | ValAUC: 0.9743
[Epoch 17/30] lr=5.05e-05 | TrainLoss: 0.0032 | ValAUC: 0.9740
[Epoch 18/30] lr=4.50e-05 | TrainLoss: 0.0028 | ValAUC: 0.9730
[Epoch 19/30] lr=3.95e-05 | TrainLoss: 0.0024 | ValAUC: 0.9730

✅ v15 완료. 베스트: saved_models/xception_best_v15_sns_aug.pth
