WARNING: All log messages before absl::InitializeLog() is called are written to STDERR
I0000 00:00:1779370994.219932 2448206 gl_context_egl.cc:85] Successfully initialized EGL. Major : 1 Minor: 5
I0000 00:00:1779370994.264825 2448282 gl_context.cc:344] GL version: 3.2 (OpenGL ES 3.2 NVIDIA 580.95.05), renderer: NVIDIA RTX 4500 Ada Generation/PCIe/SSE2
INFO: Created TensorFlow Lite XNNPACK delegate for CPU.
/home/t26106/.venv/lib64/python3.9/site-packages/timm/models/_factory.py:138: UserWarning: Mapping deprecated model name xception to current legacy_xception.
  model = create_fn(
>>> Collecting raw frame probabilities (STRICT GPU 1)...
  [ first5 | Weights: (0.2, 0.5, 0.3, 0.0) | Mean ] -> AUC: 0.8898
  [ first5 | Weights: (0.2, 0.5, 0.3, 0.0) | Max ] -> AUC: 0.8829
  [ first5 | Weights: (0.2, 0.5, 0.3, 0.0) | Top2Mean ] -> AUC: 0.8841
  [ first5 | Weights: (0.0, 0.6, 0.0, 0.4) | Mean ] -> AUC: 0.8510
  [ first5 | Weights: (0.0, 0.6, 0.0, 0.4) | Max ] -> AUC: 0.8465
  [ first5 | Weights: (0.0, 0.6, 0.0, 0.4) | Top2Mean ] -> AUC: 0.8431
  [ first5 | Weights: (0.25, 0.25, 0.25, 0.25) | Mean ] -> AUC: 0.8816
  [ first5 | Weights: (0.25, 0.25, 0.25, 0.25) | Max ] -> AUC: 0.8763
  [ first5 | Weights: (0.25, 0.25, 0.25, 0.25) | Top2Mean ] -> AUC: 0.8824
  [ first5 | Weights: (0.0, 1.0, 0.0, 0.0) | Mean ] -> AUC: 0.8406
  [ first5 | Weights: (0.0, 1.0, 0.0, 0.0) | Max ] -> AUC: 0.8471
  [ first5 | Weights: (0.0, 1.0, 0.0, 0.0) | Top2Mean ] -> AUC: 0.8398
  [ first5 | Weights: (0.1, 0.6, 0.1, 0.2) | Mean ] -> AUC: 0.8829
  [ first5 | Weights: (0.1, 0.6, 0.1, 0.2) | Max ] -> AUC: 0.8718
  [ first5 | Weights: (0.1, 0.6, 0.1, 0.2) | Top2Mean ] -> AUC: 0.8800
  [ uniform10 | Weights: (0.2, 0.5, 0.3, 0.0) | Mean ] -> AUC: 0.8759
  [ uniform10 | Weights: (0.2, 0.5, 0.3, 0.0) | Max ] -> AUC: 0.8518
  [ uniform10 | Weights: (0.2, 0.5, 0.3, 0.0) | Top2Mean ] -> AUC: 0.8598
  [ uniform10 | Weights: (0.0, 0.6, 0.0, 0.4) | Mean ] -> AUC: 0.8449
  [ uniform10 | Weights: (0.0, 0.6, 0.0, 0.4) | Max ] -> AUC: 0.8178
  [ uniform10 | Weights: (0.0, 0.6, 0.0, 0.4) | Top2Mean ] -> AUC: 0.8257
  [ uniform10 | Weights: (0.25, 0.25, 0.25, 0.25) | Mean ] -> AUC: 0.8688
  [ uniform10 | Weights: (0.25, 0.25, 0.25, 0.25) | Max ] -> AUC: 0.8471
  [ uniform10 | Weights: (0.25, 0.25, 0.25, 0.25) | Top2Mean ] -> AUC: 0.8596
  [ uniform10 | Weights: (0.0, 1.0, 0.0, 0.0) | Mean ] -> AUC: 0.8492
  [ uniform10 | Weights: (0.0, 1.0, 0.0, 0.0) | Max ] -> AUC: 0.8361
  [ uniform10 | Weights: (0.0, 1.0, 0.0, 0.0) | Top2Mean ] -> AUC: 0.8380
  [ uniform10 | Weights: (0.1, 0.6, 0.1, 0.2) | Mean ] -> AUC: 0.8706
  [ uniform10 | Weights: (0.1, 0.6, 0.1, 0.2) | Max ] -> AUC: 0.8447
  [ uniform10 | Weights: (0.1, 0.6, 0.1, 0.2) | Top2Mean ] -> AUC: 0.8539
  [ uniform20 | Weights: (0.2, 0.5, 0.3, 0.0) | Mean ] -> AUC: 0.8700
  [ uniform20 | Weights: (0.2, 0.5, 0.3, 0.0) | Max ] -> AUC: 0.8367
  [ uniform20 | Weights: (0.2, 0.5, 0.3, 0.0) | Top2Mean ] -> AUC: 0.8471
  [ uniform20 | Weights: (0.0, 0.6, 0.0, 0.4) | Mean ] -> AUC: 0.8278
  [ uniform20 | Weights: (0.0, 0.6, 0.0, 0.4) | Max ] -> AUC: 0.7761
  [ uniform20 | Weights: (0.0, 0.6, 0.0, 0.4) | Top2Mean ] -> AUC: 0.7943
  [ uniform20 | Weights: (0.25, 0.25, 0.25, 0.25) | Mean ] -> AUC: 0.8647
  [ uniform20 | Weights: (0.25, 0.25, 0.25, 0.25) | Max ] -> AUC: 0.8365
  [ uniform20 | Weights: (0.25, 0.25, 0.25, 0.25) | Top2Mean ] -> AUC: 0.8469
  [ uniform20 | Weights: (0.0, 1.0, 0.0, 0.0) | Mean ] -> AUC: 0.8286
  [ uniform20 | Weights: (0.0, 1.0, 0.0, 0.0) | Max ] -> AUC: 0.8065
  [ uniform20 | Weights: (0.0, 1.0, 0.0, 0.0) | Top2Mean ] -> AUC: 0.8120
  [ uniform20 | Weights: (0.1, 0.6, 0.1, 0.2) | Mean ] -> AUC: 0.8553
  [ uniform20 | Weights: (0.1, 0.6, 0.1, 0.2) | Max ] -> AUC: 0.8224
  [ uniform20 | Weights: (0.1, 0.6, 0.1, 0.2) | Top2Mean ] -> AUC: 0.8312

TOP ENSEMBLE COMBINATIONS
AUC: 0.8898 | first5 | Weights: (0.2, 0.5, 0.3, 0.0) | Agg: Mean
AUC: 0.8841 | first5 | Weights: (0.2, 0.5, 0.3, 0.0) | Agg: Top2Mean
AUC: 0.8829 | first5 | Weights: (0.2, 0.5, 0.3, 0.0) | Agg: Max
AUC: 0.8829 | first5 | Weights: (0.1, 0.6, 0.1, 0.2) | Agg: Mean
AUC: 0.8824 | first5 | Weights: (0.25, 0.25, 0.25, 0.25) | Agg: Top2Mean
AUC: 0.8816 | first5 | Weights: (0.25, 0.25, 0.25, 0.25) | Agg: Mean
AUC: 0.8800 | first5 | Weights: (0.1, 0.6, 0.1, 0.2) | Agg: Top2Mean
AUC: 0.8763 | first5 | Weights: (0.25, 0.25, 0.25, 0.25) | Agg: Max
AUC: 0.8759 | uniform10 | Weights: (0.2, 0.5, 0.3, 0.0) | Agg: Mean
AUC: 0.8718 | first5 | Weights: (0.1, 0.6, 0.1, 0.2) | Agg: Max
AUC: 0.8706 | uniform10 | Weights: (0.1, 0.6, 0.1, 0.2) | Agg: Mean
AUC: 0.8700 | uniform20 | Weights: (0.2, 0.5, 0.3, 0.0) | Agg: Mean
AUC: 0.8688 | uniform10 | Weights: (0.25, 0.25, 0.25, 0.25) | Agg: Mean
AUC: 0.8647 | uniform20 | Weights: (0.25, 0.25, 0.25, 0.25) | Agg: Mean
AUC: 0.8598 | uniform10 | Weights: (0.2, 0.5, 0.3, 0.0) | Agg: Top2Mean
